Using pre-set license
Built from '2022.3/staging' branch; Version is '2022.3.11f1 (d00248457e15) revision 13632072'; Using compiler version '192829333'; Build Type 'Release'
OS: 'Windows 10  (10.0.19045) 64bit Professional' Language: 'ru' Physical Memory: 31895 MB
BatchMode: 1, IsHumanControllingUs: 0, StartBugReporterOnCrash: 0, Is64bit: 1, IsPro: 1

COMMAND LINE ARGUMENTS:
C:\Program Files\Unity\Hub\Editor\2022.3.11f1\Editor\Unity.exe
-adb2
-batchMode
-noUpm
-name
AssetImportWorker2
-projectPath
C:/Users/Дима/Documents/GitHub/DimaUnityMarker/MarkerDima
-logFile
Logs/AssetImportWorker2.log
-srvPort
55228
Successfully changed project path to: C:/Users/Дима/Documents/GitHub/DimaUnityMarker/MarkerDima
C:/Users/Дима/Documents/GitHub/DimaUnityMarker/MarkerDima
[UnityMemory] Configuration Parameters - Can be set up in boot.config
    "memorysetup-bucket-allocator-granularity=16"
    "memorysetup-bucket-allocator-bucket-count=8"
    "memorysetup-bucket-allocator-block-size=33554432"
    "memorysetup-bucket-allocator-block-count=8"
    "memorysetup-main-allocator-block-size=16777216"
    "memorysetup-thread-allocator-block-size=16777216"
    "memorysetup-gfx-main-allocator-block-size=16777216"
    "memorysetup-gfx-thread-allocator-block-size=16777216"
    "memorysetup-cache-allocator-block-size=4194304"
    "memorysetup-typetree-allocator-block-size=2097152"
    "memorysetup-profiler-bucket-allocator-granularity=16"
    "memorysetup-profiler-bucket-allocator-bucket-count=8"
    "memorysetup-profiler-bucket-allocator-block-size=33554432"
    "memorysetup-profiler-bucket-allocator-block-count=8"
    "memorysetup-profiler-allocator-block-size=16777216"
    "memorysetup-profiler-editor-allocator-block-size=1048576"
    "memorysetup-temp-allocator-size-main=16777216"
    "memorysetup-job-temp-allocator-block-size=2097152"
    "memorysetup-job-temp-allocator-block-size-background=1048576"
    "memorysetup-job-temp-allocator-reduction-small-platforms=262144"
    "memorysetup-allocator-temp-initial-block-size-main=262144"
    "memorysetup-allocator-temp-initial-block-size-worker=262144"
    "memorysetup-temp-allocator-size-background-worker=32768"
    "memorysetup-temp-allocator-size-job-worker=262144"
    "memorysetup-temp-allocator-size-preload-manager=33554432"
    "memorysetup-temp-allocator-size-nav-mesh-worker=65536"
    "memorysetup-temp-allocator-size-audio-worker=65536"
    "memorysetup-temp-allocator-size-cloud-worker=32768"
    "memorysetup-temp-allocator-size-gi-baking-worker=262144"
    "memorysetup-temp-allocator-size-gfx=262144"
Player connection [21712] Host "[IP] 10.131.98.36 [Port] 0 [Flags] 2 [Guid] 1250006468 [EditorId] 1250006468 [Version] 1048832 [Id] WindowsEditor(7,DESKTOP-M4A0NPF) [Debug] 1 [PackageName] WindowsEditor [ProjectName] Editor" joined multi-casting on [225.0.0.222:54997]...

Player connection [21712] Host "[IP] 10.131.98.36 [Port] 0 [Flags] 2 [Guid] 1250006468 [EditorId] 1250006468 [Version] 1048832 [Id] WindowsEditor(7,DESKTOP-M4A0NPF) [Debug] 1 [PackageName] WindowsEditor [ProjectName] Editor" joined alternative multi-casting on [225.0.0.222:34997]...

[Physics::Module] Initialized MultithreadedJobDispatcher with 15 workers.
Refreshing native plugins compatible for Editor in 93.27 ms, found 3 plugins.
Preloading 0 native plugins for Editor in 0.00 ms.
Initialize engine version: 2022.3.11f1 (d00248457e15)
[Subsystems] Discovering subsystems at path C:/Program Files/Unity/Hub/Editor/2022.3.11f1/Editor/Data/Resources/UnitySubsystems
[Subsystems] Discovering subsystems at path C:/Users/Дима/Documents/GitHub/DimaUnityMarker/MarkerDima/Assets
GfxDevice: creating device client; threaded=0; jobified=0
Direct3D:
    Version:  Direct3D 11.0 [level 11.1]
    Renderer: PCI\VEN_1002&DEV_164E&SUBSYS_D0001458&REV_C3 (ID=0x164e)
    Vendor:   ATI
    VRAM:     15947 MB
    Driver:   31.0.12002.92
Initialize mono
Mono path[0] = 'C:/Program Files/Unity/Hub/Editor/2022.3.11f1/Editor/Data/Managed'
Mono path[1] = 'C:/Program Files/Unity/Hub/Editor/2022.3.11f1/Editor/Data/MonoBleedingEdge/lib/mono/unityjit-win32'
Mono config path = 'C:/Program Files/Unity/Hub/Editor/2022.3.11f1/Editor/Data/MonoBleedingEdge/etc'
Using monoOptions --debugger-agent=transport=dt_socket,embedding=1,server=y,suspend=n,address=127.0.0.1:56780
Begin MonoManager ReloadAssembly
Registering precompiled unity dll's ...
Register platform support module: C:/Program Files/Unity/Hub/Editor/2022.3.11f1/Editor/Data/PlaybackEngines/WebGLSupport/UnityEditor.WebGL.Extensions.dll
Register platform support module: C:/Program Files/Unity/Hub/Editor/2022.3.11f1/Editor/Data/PlaybackEngines/WindowsStandaloneSupport/UnityEditor.WindowsStandalone.Extensions.dll
Registered in 0.009909 seconds.
- Loaded All Assemblies, in  0.833 seconds
Native extension for WindowsStandalone target not found
Native extension for WebGL target not found
Mono: successfully reloaded assembly
- Finished resetting the current domain, in  0.276 seconds
Domain Reload Profiling: 1107ms
	BeginReloadAssembly (124ms)
		ExecutionOrderSort (0ms)
		DisableScriptedObjects (0ms)
		BackupInstance (0ms)
		ReleaseScriptingObjects (0ms)
		CreateAndSetChildDomain (1ms)
	RebuildCommonClasses (207ms)
	RebuildNativeTypeToScriptingClass (11ms)
	initialDomainReloadingComplete (67ms)
	LoadAllAssembliesAndSetupDomain (422ms)
		LoadAssemblies (122ms)
		RebuildTransferFunctionScriptingTraits (0ms)
		AnalyzeDomain (420ms)
			TypeCache.Refresh (418ms)
				TypeCache.ScanAssembly (378ms)
			ScanForSourceGeneratedMonoScriptInfo (1ms)
			ResolveRequiredComponents (0ms)
	FinalizeReload (276ms)
		ReleaseScriptCaches (0ms)
		RebuildScriptCaches (0ms)
		SetupLoadedEditorAssemblies (204ms)
			LogAssemblyErrors (0ms)
			InitializePlatformSupportModulesInManaged (12ms)
			SetLoadedEditorAssemblies (8ms)
			RefreshPlugins (0ms)
			BeforeProcessingInitializeOnLoad (2ms)
			ProcessInitializeOnLoadAttributes (129ms)
			ProcessInitializeOnLoadMethodAttributes (52ms)
			AfterProcessingInitializeOnLoad (0ms)
			EditorAssembliesLoaded (0ms)
		ExecutionOrderSort2 (0ms)
		AwakeInstancesAfterBackupRestoration (0ms)
========================================================================
Worker process is ready to serve import requests
Begin MonoManager ReloadAssembly
- Loaded All Assemblies, in  0.864 seconds
Refreshing native plugins compatible for Editor in 2.11 ms, found 3 plugins.
Native extension for WindowsStandalone target not found
Native extension for WebGL target not found
Package Manager log level set to [2]
[Package Manager] Server::EnsureServerProcessIsRunning -- launch failed, reason: Unity was launched with the -noUpm command-line argument
[Package Manager] UpmClient::Send -- Unable to send message (not connected to UPM process).
[Package Manager] Cannot connect to Unity Package Manager local server
Mono: successfully reloaded assembly
- Finished resetting the current domain, in  0.533 seconds
Domain Reload Profiling: 1396ms
	BeginReloadAssembly (174ms)
		ExecutionOrderSort (0ms)
		DisableScriptedObjects (5ms)
		BackupInstance (0ms)
		ReleaseScriptingObjects (0ms)
		CreateAndSetChildDomain (34ms)
	RebuildCommonClasses (40ms)
	RebuildNativeTypeToScriptingClass (10ms)
	initialDomainReloadingComplete (44ms)
	LoadAllAssembliesAndSetupDomain (594ms)
		LoadAssemblies (418ms)
		RebuildTransferFunctionScriptingTraits (0ms)
		AnalyzeDomain (273ms)
			TypeCache.Refresh (252ms)
				TypeCache.ScanAssembly (152ms)
			ScanForSourceGeneratedMonoScriptInfo (17ms)
			ResolveRequiredComponents (3ms)
	FinalizeReload (534ms)
		ReleaseScriptCaches (0ms)
		RebuildScriptCaches (0ms)
		SetupLoadedEditorAssemblies (381ms)
			LogAssemblyErrors (0ms)
			InitializePlatformSupportModulesInManaged (7ms)
			SetLoadedEditorAssemblies (6ms)
			RefreshPlugins (0ms)
			BeforeProcessingInitializeOnLoad (64ms)
			ProcessInitializeOnLoadAttributes (279ms)
			ProcessInitializeOnLoadMethodAttributes (18ms)
			AfterProcessingInitializeOnLoad (7ms)
			EditorAssembliesLoaded (0ms)
		ExecutionOrderSort2 (0ms)
		AwakeInstancesAfterBackupRestoration (6ms)
Launched and connected shader compiler UnityShaderCompiler.exe after 0.05 seconds
Refreshing native plugins compatible for Editor in 2.43 ms, found 3 plugins.
Preloading 0 native plugins for Editor in 0.00 ms.
Unloading 3086 Unused Serialized files (Serialized files now loaded: 0)
Unloading 32 unused Assets / (56.9 KB). Loaded Objects now: 3548.
Memory consumption went from 121.3 MB to 121.2 MB.
Total: 4.270100 ms (FindLiveObjects: 0.538700 ms CreateObjectMapping: 0.179700 ms MarkObjects: 3.414600 ms  DeleteObjects: 0.135800 ms)

AssetImportParameters requested are different than current active one (requested -> active):
  custom:container-demuxer-ogg: 62fdf1f143b41e24485cea50d1cbac27 -> 
  custom:video-decoder-ogg-theora: a1e56fd34408186e4bbccfd4996cb3dc -> 
  custom:framework-win-MediaFoundation: 216162199b28c13a410421893ffa2e32 -> 
  custom:CustomObjectIndexerAttribute: 756ad292c208cfabdd7b50bc23989ffe -> 
  custom:container-demuxer-webm: 4f35f7cbe854078d1ac9338744f61a02 -> 
  custom:container-muxer-webm: aa71ff27fc2769a1b78a27578f13a17b -> 
  custom:video-decoder-webm-vp8: 9c59270c3fd7afecdb556c50c9e8de78 -> 
  custom:SearchIndexIgnoredProperties: e643bd26f0fe6173181afceb89e7c659 -> 
  custom:AudioImporter_EditorPlatform: d09bf68614088b80899f8185d706f6e7 -> 
  custom:video-encoder-webm-vp8: eb34c28f22e8b96e1ab97ce403110664 -> 
  custom:audio-decoder-ogg-vorbis: bf7c407c2cedff20999df2af8eb42d56 -> 
  custom:audio-encoder-webm-vorbis: bf7c407c2cedff20999df2af8eb42d56 -> 
========================================================================
Received Import Request.
  Time since last request: 790416.909341 seconds.
  path: Assets/Smoke.mat
  artifactKey: Guid(39f1e1118e9ddd84b8421ffeda39af5a) Importer(815301076,1909f56bfc062723c751e8b465ee728b)
Start importing Assets/Smoke.mat using Guid(39f1e1118e9ddd84b8421ffeda39af5a) Importer(815301076,1909f56bfc062723c751e8b465ee728b)  -> (artifact id: '08ac7a89e4736a6a5c0c4bfb4e3a4bda') in 0.113407 seconds
Number of updated asset objects reloaded before import = 0
Number of asset objects unloaded after import = 1
========================================================================
Received Import Request.
  Time since last request: 425.903400 seconds.
  path: Assets/non-enviroments-models/rtp-3-sim/Materials/backwards-lights-mat.mat
  artifactKey: Guid(27cf3f9638054ae44afa978247a476d8) Importer(815301076,1909f56bfc062723c751e8b465ee728b)
Start importing Assets/non-enviroments-models/rtp-3-sim/Materials/backwards-lights-mat.mat using Guid(27cf3f9638054ae44afa978247a476d8) Importer(815301076,1909f56bfc062723c751e8b465ee728b)  -> (artifact id: '9c69e27cc734c6d7b2414a7fa4ad2893') in 0.068909 seconds
Number of updated asset objects reloaded before import = 0
Number of asset objects unloaded after import = 2
========================================================================
Received Import Request.
  Time since last request: 0.000025 seconds.
  path: Assets/non-enviroments-models/rtp-3-sim/Materials/body-mat.mat
  artifactKey: Guid(b215fe70eee95f64aa01f93d39bdd9cf) Importer(815301076,1909f56bfc062723c751e8b465ee728b)
Start importing Assets/non-enviroments-models/rtp-3-sim/Materials/body-mat.mat using Guid(b215fe70eee95f64aa01f93d39bdd9cf) Importer(815301076,1909f56bfc062723c751e8b465ee728b)  -> (artifact id: '3e36d1d62035dacc0a9bebf1ad60376a') in 0.162305 seconds
Number of updated asset objects reloaded before import = 0
Number of asset objects unloaded after import = 6
========================================================================
Received Import Request.
  Time since last request: 0.000026 seconds.
  path: Assets/tex/Materials/Corner5(remash_skale)_Gun assembly.001_Emission.mat
  artifactKey: Guid(5afb176ffcf1b4e4bb050e6ef4f98675) Importer(815301076,1909f56bfc062723c751e8b465ee728b)
Start importing Assets/tex/Materials/Corner5(remash_skale)_Gun assembly.001_Emission.mat using Guid(5afb176ffcf1b4e4bb050e6ef4f98675) Importer(815301076,1909f56bfc062723c751e8b465ee728b)  -> (artifact id: 'f092e7aff6cfb4c680a129108db5c074') in 0.058904 seconds
Number of updated asset objects reloaded before import = 0
Number of asset objects unloaded after import = 2
========================================================================
Received Import Request.
  Time since last request: 0.000028 seconds.
  path: Assets/non-enviroments-models/rtp-3-sim/Materials/external-sensors-mat.mat
  artifactKey: Guid(48be1d77eef6aae4bb039bb17f98e7d6) Importer(815301076,1909f56bfc062723c751e8b465ee728b)
Start importing Assets/non-enviroments-models/rtp-3-sim/Materials/external-sensors-mat.mat using Guid(48be1d77eef6aae4bb039bb17f98e7d6) Importer(815301076,1909f56bfc062723c751e8b465ee728b)  -> (artifact id: '4450384b111d400e3e16113a0407f461') in 0.168699 seconds
Number of updated asset objects reloaded before import = 0
Number of asset objects unloaded after import = 6
========================================================================
Received Import Request.
  Time since last request: 0.679439 seconds.
  path: Assets/non-enviroments-models/rtp-3-sim/Materials/forward-lights-mat.mat
  artifactKey: Guid(56d0e2cdf7b76584d8d40cae3645a4c0) Importer(815301076,1909f56bfc062723c751e8b465ee728b)
Start importing Assets/non-enviroments-models/rtp-3-sim/Materials/forward-lights-mat.mat using Guid(56d0e2cdf7b76584d8d40cae3645a4c0) Importer(815301076,1909f56bfc062723c751e8b465ee728b)  -> (artifact id: '90b9f3733cf194d2d0f7e161aa7196f8') in 0.049181 seconds
Number of updated asset objects reloaded before import = 0
Number of asset objects unloaded after import = 2
========================================================================
Received Import Request.
  Time since last request: 0.382289 seconds.
  path: Assets/non-enviroments-models/rtp-3-sim/Materials/rim-mat.mat
  artifactKey: Guid(5989c831b3c5376499a12994304c4d8e) Importer(815301076,1909f56bfc062723c751e8b465ee728b)
Start importing Assets/non-enviroments-models/rtp-3-sim/Materials/rim-mat.mat using Guid(5989c831b3c5376499a12994304c4d8e) Importer(815301076,1909f56bfc062723c751e8b465ee728b)  -> (artifact id: '9ad9e2bd2ce23a6d1beaf57fdf2287d8') in 0.077364 seconds
Number of updated asset objects reloaded before import = 0
Number of asset objects unloaded after import = 3
========================================================================
Received Import Request.
  Time since last request: 0.000022 seconds.
  path: Assets/non-enviroments-models/rtp-3-sim/Materials/tire-mat.mat
  artifactKey: Guid(1017f6820a08415478359725cf4a48bf) Importer(815301076,1909f56bfc062723c751e8b465ee728b)
Start importing Assets/non-enviroments-models/rtp-3-sim/Materials/tire-mat.mat using Guid(1017f6820a08415478359725cf4a48bf) Importer(815301076,1909f56bfc062723c751e8b465ee728b)  -> (artifact id: '34ca542d18286039e43fb1d41ee6c150') in 0.069436 seconds
Number of updated asset objects reloaded before import = 0
Number of asset objects unloaded after import = 3
========================================================================
Received Import Request.
  Time since last request: 38.039825 seconds.
  path: Assets/tex/Corner5(remash_skale)_Gun assembly.001_Emission.png
  artifactKey: Guid(ac2d08ae746d8ca4f9a05b247592b110) Importer(815301076,1909f56bfc062723c751e8b465ee728b)
Start importing Assets/tex/Corner5(remash_skale)_Gun assembly.001_Emission.png using Guid(ac2d08ae746d8ca4f9a05b247592b110) Importer(815301076,1909f56bfc062723c751e8b465ee728b)  -> (artifact id: '4b4c0c362ea5181aadf1cb45536607e3') in 0.037656 seconds
Number of updated asset objects reloaded before import = 0
Number of asset objects unloaded after import = 2
========================================================================
Received Import Request.
  Time since last request: 312.492746 seconds.
  path: Assets/tex/Corner5(remash_skale)_Gun assembly.001_Normal.png
  artifactKey: Guid(f5c16ede09412dd44995c2454f4ff41e) Importer(815301076,1909f56bfc062723c751e8b465ee728b)
Start importing Assets/tex/Corner5(remash_skale)_Gun assembly.001_Normal.png using Guid(f5c16ede09412dd44995c2454f4ff41e) Importer(815301076,1909f56bfc062723c751e8b465ee728b)  -> (artifact id: 'a785c83280d0859cc9256a00fa43aa34') in 0.032011 seconds
Number of updated asset objects reloaded before import = 0
Number of asset objects unloaded after import = 2
